  Map.cpp
  NPC.cpp
  Winsock.cpp
  main.cpp
c:\mywork\2015180014_박정만_텀프\game server\gameserver\main.cpp(80): warning C4244: '인수': 'unsigned __int64'에서 'int'(으)로 변환하면서 데이터가 손실될 수 있습니다.
c:\mywork\2015180014_박정만_텀프\game server\gameserver\main.cpp(86): warning C4244: '인수': 'unsigned __int64'에서 'int'(으)로 변환하면서 데이터가 손실될 수 있습니다.
c:\mywork\2015180014_박정만_텀프\game server\gameserver\main.cpp(136): warning C4244: '인수': 'unsigned __int64'에서 'int'(으)로 변환하면서 데이터가 손실될 수 있습니다.
c:\mywork\2015180014_박정만_텀프\game server\gameserver\main.cpp(138): warning C4244: '인수': 'unsigned __int64'에서 'int'(으)로 변환하면서 데이터가 손실될 수 있습니다.
c:\mywork\2015180014_박정만_텀프\game server\gameserver\main.cpp(156): warning C4244: '인수': 'unsigned __int64'에서 'int'(으)로 변환하면서 데이터가 손실될 수 있습니다.
c:\mywork\2015180014_박정만_텀프\game server\gameserver\main.cpp(160): warning C4244: '인수': 'unsigned __int64'에서 'int'(으)로 변환하면서 데이터가 손실될 수 있습니다.
c:\mywork\2015180014_박정만_텀프\game server\gameserver\main.cpp(228): warning C4267: '인수': 'size_t'에서 'int'(으)로 변환하면서 데이터가 손실될 수 있습니다.
c:\mywork\2015180014_박정만_텀프\game server\gameserver\main.cpp(232): warning C4267: '인수': 'size_t'에서 'int'(으)로 변환하면서 데이터가 손실될 수 있습니다.
c:\mywork\2015180014_박정만_텀프\game server\gameserver\main.cpp(236): warning C4267: '인수': 'size_t'에서 'int'(으)로 변환하면서 데이터가 손실될 수 있습니다.
c:\mywork\2015180014_박정만_텀프\game server\gameserver\main.cpp(250): warning C4267: '인수': 'size_t'에서 'int'(으)로 변환하면서 데이터가 손실될 수 있습니다.
LINK : warning LNK4098: 'LIBCMT' defaultlib가 다른 라이브러리와 충돌합니다. /NODEFAULTLIB:library를 사용하십시오.
  코드를 생성하고 있습니다.
  0 of 685 functions ( 0.0%) were compiled, the rest were copied from previous compilation.
    0 functions were new in current compilation
    0 functions had inline decision re-evaluated but remain unchanged
  코드를 생성했습니다.
  GameServer.vcxproj -> C:\MyWork\2015180014_박정만_텀프\Game Server\x64\Release\GameServer.exe
