  CImage.cpp
c:\mywork\2015180014_박정만_텀프\game client\win32project\cimage.cpp(46): warning C4996: 'sprintf': This function or variable may be unsafe. Consider using sprintf_s instead. To disable deprecation, use _CRT_SECURE_NO_WARNINGS. See online help for details.
  c:\program files (x86)\windows kits\10\include\10.0.17134.0\ucrt\stdio.h(1774): note: 'sprintf' 선언을 참조하십시오.
c:\mywork\2015180014_박정만_텀프\game client\win32project\cimage.cpp(48): warning C4996: 'sprintf': This function or variable may be unsafe. Consider using sprintf_s instead. To disable deprecation, use _CRT_SECURE_NO_WARNINGS. See online help for details.
  c:\program files (x86)\windows kits\10\include\10.0.17134.0\ucrt\stdio.h(1774): note: 'sprintf' 선언을 참조하십시오.
c:\mywork\2015180014_박정만_텀프\game client\win32project\cimage.cpp(50): warning C4996: 'sprintf': This function or variable may be unsafe. Consider using sprintf_s instead. To disable deprecation, use _CRT_SECURE_NO_WARNINGS. See online help for details.
  c:\program files (x86)\windows kits\10\include\10.0.17134.0\ucrt\stdio.h(1774): note: 'sprintf' 선언을 참조하십시오.
c:\mywork\2015180014_박정만_텀프\game client\win32project\cimage.cpp(53): warning C4996: 'sprintf': This function or variable may be unsafe. Consider using sprintf_s instead. To disable deprecation, use _CRT_SECURE_NO_WARNINGS. See online help for details.
  c:\program files (x86)\windows kits\10\include\10.0.17134.0\ucrt\stdio.h(1774): note: 'sprintf' 선언을 참조하십시오.
c:\mywork\2015180014_박정만_텀프\game client\win32project\cimage.cpp(56): warning C4996: 'sprintf': This function or variable may be unsafe. Consider using sprintf_s instead. To disable deprecation, use _CRT_SECURE_NO_WARNINGS. See online help for details.
  c:\program files (x86)\windows kits\10\include\10.0.17134.0\ucrt\stdio.h(1774): note: 'sprintf' 선언을 참조하십시오.
c:\mywork\2015180014_박정만_텀프\game client\win32project\cimage.cpp(59): warning C4996: 'sprintf': This function or variable may be unsafe. Consider using sprintf_s instead. To disable deprecation, use _CRT_SECURE_NO_WARNINGS. See online help for details.
  c:\program files (x86)\windows kits\10\include\10.0.17134.0\ucrt\stdio.h(1774): note: 'sprintf' 선언을 참조하십시오.
c:\mywork\2015180014_박정만_텀프\game client\win32project\cimage.cpp(62): warning C4996: 'sprintf': This function or variable may be unsafe. Consider using sprintf_s instead. To disable deprecation, use _CRT_SECURE_NO_WARNINGS. See online help for details.
  c:\program files (x86)\windows kits\10\include\10.0.17134.0\ucrt\stdio.h(1774): note: 'sprintf' 선언을 참조하십시오.
c:\mywork\2015180014_박정만_텀프\game client\win32project\cimage.cpp(65): warning C4996: 'sprintf': This function or variable may be unsafe. Consider using sprintf_s instead. To disable deprecation, use _CRT_SECURE_NO_WARNINGS. See online help for details.
  c:\program files (x86)\windows kits\10\include\10.0.17134.0\ucrt\stdio.h(1774): note: 'sprintf' 선언을 참조하십시오.
c:\mywork\2015180014_박정만_텀프\game client\win32project\cimage.cpp(82): warning C4996: 'sprintf': This function or variable may be unsafe. Consider using sprintf_s instead. To disable deprecation, use _CRT_SECURE_NO_WARNINGS. See online help for details.
  c:\program files (x86)\windows kits\10\include\10.0.17134.0\ucrt\stdio.h(1774): note: 'sprintf' 선언을 참조하십시오.
c:\mywork\2015180014_박정만_텀프\game client\win32project\cimage.cpp(91): warning C4996: 'sprintf': This function or variable may be unsafe. Consider using sprintf_s instead. To disable deprecation, use _CRT_SECURE_NO_WARNINGS. See online help for details.
  c:\program files (x86)\windows kits\10\include\10.0.17134.0\ucrt\stdio.h(1774): note: 'sprintf' 선언을 참조하십시오.
  DialogBox.cpp
  main.cpp
c:\mywork\2015180014_박정만_텀프\game client\win32project\main.cpp(246): warning C4244: '인수': 'double'에서 'int'(으)로 변환하면서 데이터가 손실될 수 있습니다.
c:\mywork\2015180014_박정만_텀프\game client\win32project\main.cpp(311): warning C4996: 'WSASocketA': Use WSASocketW() instead or define _WINSOCK_DEPRECATED_NO_WARNINGS to disable deprecated API warnings
  c:\program files (x86)\windows kits\10\include\10.0.17134.0\um\winsock2.h(3415): note: 'WSASocketA' 선언을 참조하십시오.
c:\mywork\2015180014_박정만_텀프\game client\win32project\main.cpp(317): warning C4996: 'inet_addr': Use inet_pton() or InetPton() instead or define _WINSOCK_DEPRECATED_NO_WARNINGS to disable deprecated API warnings
  c:\program files (x86)\windows kits\10\include\10.0.17134.0\um\winsock2.h(1830): note: 'inet_addr' 선언을 참조하십시오.
c:\mywork\2015180014_박정만_텀프\game client\win32project\main.cpp(345): warning C4996: 'WSAAsyncSelect': Use WSAEventSelect() instead or define _WINSOCK_DEPRECATED_NO_WARNINGS to disable deprecated API warnings
  c:\program files (x86)\windows kits\10\include\10.0.17134.0\um\winsock2.h(2679): note: 'WSAAsyncSelect' 선언을 참조하십시오.
  mdump.cpp
  win_sock.cpp
  코드를 생성하고 있습니다...
  Win32Project.vcxproj -> C:\MyWork\2015180014_박정만_텀프\Game Client\Debug\Win32Project.exe
